d:\codelab\umacirclemanager\umacirclemanager\x64\debug\vc143.pdb
d:\codelab\umacirclemanager\umacirclemanager\x64\debug\vc143.idb
d:\codelab\umacirclemanager\umacirclemanager\x64\debug\main.obj
d:\codelab\umacirclemanager\umacirclemanager\x64\debug\cumacirclemanager.obj
d:\codelab\umacirclemanager\umacirclemanager\x64\debug\ctoolbox.obj
d:\codelab\umacirclemanager\umacirclemanager\x64\debug\ccirclememberdatabase.obj
d:\codelab\umacirclemanager\umacirclemanager\x64\debug\ccirclememberdata.obj
d:\codelab\umacirclemanager\umacirclemanager\x64\debug\cmenu.obj
d:\codelab\umacirclemanager\umacirclemanager\x64\debug\cinputmanager.obj
d:\codelab\umacirclemanager\umacirclemanager\x64\debug\cviewmanager.obj
d:\codelab\umacirclemanager\umacirclemanager\x64\debug\cview.obj
d:\codelab\umacirclemanager\umacirclemanager\x64\debug\cmanager.obj
d:\codelab\umacirclemanager\umacirclemanager\x64\debug\cmainview.obj
d:\codelab\umacirclemanager\umacirclemanager\x64\debug\cumacirclemanagementsystem.obj
d:\codelab\umacirclemanager\umacirclemanager\x64\debug\canalysisview.obj
d:\codelab\umacirclemanagement\umacirclemanager\x64\debug\vc143.pdb
d:\codelab\umacirclemanagement\umacirclemanager\x64\debug\vc143.idb
d:\codelab\umacirclemanagement\umacirclemanager\x64\debug\main.obj
d:\codelab\umacirclemanagement\umacirclemanager\x64\debug\cviewmanager.obj
d:\codelab\umacirclemanagement\umacirclemanager\x64\debug\cumacirclemanagementsystem.obj
d:\codelab\umacirclemanagement\umacirclemanager\x64\debug\cview.obj
d:\codelab\umacirclemanagement\umacirclemanager\x64\debug\cmanager.obj
d:\codelab\umacirclemanagement\umacirclemanager\x64\debug\cmainview.obj
d:\codelab\umacirclemanagement\umacirclemanager\x64\debug\cinputmanager.obj
d:\codelab\umacirclemanagement\umacirclemanager\x64\debug\ccirclememberdatabase.obj
d:\codelab\umacirclemanagement\umacirclemanager\x64\debug\ccirclememberdata.obj
d:\codelab\umacirclemanagement\umacirclemanager\x64\debug\canalysisview.obj
d:\codelab\umacirclemanager\x64\debug\umacirclemanager.exe
d:\codelab\umacirclemanager\umacirclemanager\x64\debug\umacirclemanager.ilk
d:\codelab\umacirclemanager\x64\debug\umacirclemanager.pdb
d:\codelab\umacirclemanagement\x64\debug\umacirclemanager.exe
d:\codelab\umacirclemanagement\umacirclemanager\x64\debug\umacirclemanager.ilk
d:\codelab\umacirclemanagement\x64\debug\umacirclemanager.pdb
d:\codelab\umacirclemanagement\umacirclemanager\x64\debug\cmenu.obj
d:\codelab\umacirclemanagement\umacirclemanager\x64\debug\ctoolbox.obj
d:\codelab\umacirclemanagement\umacirclemanager\x64\debug\cumacirclemanager.obj
d:\codelab\umacirclemanagement\umacirclemanager\x64\debug\소스.obj
d:\codelab\umacirclemanagement\umacirclemanager\x64\debug\umacirclemanager.tlog\cl.command.1.tlog
d:\codelab\umacirclemanagement\umacirclemanager\x64\debug\umacirclemanager.tlog\cl.read.1.tlog
d:\codelab\umacirclemanagement\umacirclemanager\x64\debug\umacirclemanager.tlog\cl.write.1.tlog
d:\codelab\umacirclemanagement\umacirclemanager\x64\debug\umacirclemanager.tlog\link.command.1.tlog
d:\codelab\umacirclemanagement\umacirclemanager\x64\debug\umacirclemanager.tlog\link.read.1.tlog
d:\codelab\umacirclemanagement\umacirclemanager\x64\debug\umacirclemanager.tlog\link.write.1.tlog
